<?xml version="1.0" encoding="UTF-8"?>
<testng-results ignored="0" total="1" passed="1" failed="0" skipped="0">
  <reporter-output>
  </reporter-output>
  <suite started-at="2021-05-06T10:02:40 IST" name="Default suite" finished-at="2021-05-06T10:03:00 IST" duration-ms="20402">
    <groups>
      <group name="smoke test">
        <method signature="Tc29_CreatingCustomerFilterwithStandardFilter_Test.CreateCustomerwithstandardfilter()[pri:0, instance:Com.crm.vtiger.assigntests.Tc29_CreatingCustomerFilterwithStandardFilter_Test@d4342c2]" name="CreateCustomerwithstandardfilter" class="Com.crm.vtiger.assigntests.Tc29_CreatingCustomerFilterwithStandardFilter_Test"/>
      </group> <!-- smoke test -->
      <group name="regression test">
        <method signature="Tc29_CreatingCustomerFilterwithStandardFilter_Test.CreateCustomerwithstandardfilter()[pri:0, instance:Com.crm.vtiger.assigntests.Tc29_CreatingCustomerFilterwithStandardFilter_Test@d4342c2]" name="CreateCustomerwithstandardfilter" class="Com.crm.vtiger.assigntests.Tc29_CreatingCustomerFilterwithStandardFilter_Test"/>
      </group> <!-- regression test -->
    </groups>
    <test started-at="2021-05-06T10:02:40 IST" name="Default test" finished-at="2021-05-06T10:03:00 IST" duration-ms="20402">
      <class name="Com.crm.vtiger.assigntests.Tc29_CreatingCustomerFilterwithStandardFilter_Test">
        <test-method is-config="true" signature="configBS()[pri:0, instance:Com.crm.vtiger.assigntests.Tc29_CreatingCustomerFilterwithStandardFilter_Test@d4342c2]" started-at="2021-05-06T10:02:40 IST" name="configBS" finished-at="2021-05-06T10:02:40 IST" duration-ms="16" status="PASS">
          <reporter-output>
          </reporter-output>
        </test-method> <!-- configBS -->
        <test-method is-config="true" signature="configBT()[pri:0, instance:Com.crm.vtiger.assigntests.Tc29_CreatingCustomerFilterwithStandardFilter_Test@d4342c2]" started-at="2021-05-06T10:02:40 IST" name="configBT" finished-at="2021-05-06T10:02:40 IST" duration-ms="0" status="PASS">
          <reporter-output>
          </reporter-output>
        </test-method> <!-- configBT -->
        <test-method is-config="true" signature="openbrowser()[pri:0, instance:Com.crm.vtiger.assigntests.Tc29_CreatingCustomerFilterwithStandardFilter_Test@d4342c2]" started-at="2021-05-06T10:02:40 IST" name="openbrowser" finished-at="2021-05-06T10:02:42 IST" duration-ms="2401" status="PASS">
          <reporter-output>
          </reporter-output>
        </test-method> <!-- openbrowser -->
        <test-method is-config="true" signature="openapp()[pri:0, instance:Com.crm.vtiger.assigntests.Tc29_CreatingCustomerFilterwithStandardFilter_Test@d4342c2]" started-at="2021-05-06T10:02:42 IST" name="openapp" finished-at="2021-05-06T10:02:47 IST" duration-ms="4951" status="PASS">
          <reporter-output>
          </reporter-output>
        </test-method> <!-- openapp -->
        <test-method signature="CreateCustomerwithstandardfilter()[pri:0, instance:Com.crm.vtiger.assigntests.Tc29_CreatingCustomerFilterwithStandardFilter_Test@d4342c2]" started-at="2021-05-06T10:02:47 IST" name="CreateCustomerwithstandardfilter" finished-at="2021-05-06T10:02:58 IST" duration-ms="10761" status="PASS">
          <reporter-output>
          </reporter-output>
        </test-method> <!-- CreateCustomerwithstandardfilter -->
        <test-method is-config="true" signature="closeapp()[pri:0, instance:Com.crm.vtiger.assigntests.Tc29_CreatingCustomerFilterwithStandardFilter_Test@d4342c2]" started-at="2021-05-06T10:02:58 IST" name="closeapp" finished-at="2021-05-06T10:03:00 IST" duration-ms="1522" status="PASS">
          <reporter-output>
          </reporter-output>
        </test-method> <!-- closeapp -->
        <test-method is-config="true" signature="configAC()[pri:0, instance:Com.crm.vtiger.assigntests.Tc29_CreatingCustomerFilterwithStandardFilter_Test@d4342c2]" started-at="2021-05-06T10:03:00 IST" name="configAC" finished-at="2021-05-06T10:03:00 IST" duration-ms="700" status="PASS">
          <reporter-output>
          </reporter-output>
        </test-method> <!-- configAC -->
        <test-method is-config="true" signature="configAT()[pri:0, instance:Com.crm.vtiger.assigntests.Tc29_CreatingCustomerFilterwithStandardFilter_Test@d4342c2]" started-at="2021-05-06T10:03:00 IST" name="configAT" finished-at="2021-05-06T10:03:00 IST" duration-ms="0" status="PASS">
          <reporter-output>
          </reporter-output>
        </test-method> <!-- configAT -->
        <test-method is-config="true" signature="configAS()[pri:0, instance:Com.crm.vtiger.assigntests.Tc29_CreatingCustomerFilterwithStandardFilter_Test@d4342c2]" started-at="2021-05-06T10:03:00 IST" name="configAS" finished-at="2021-05-06T10:03:00 IST" duration-ms="0" status="PASS">
          <reporter-output>
          </reporter-output>
        </test-method> <!-- configAS -->
      </class> <!-- Com.crm.vtiger.assigntests.Tc29_CreatingCustomerFilterwithStandardFilter_Test -->
    </test> <!-- Default test -->
  </suite> <!-- Default suite -->
</testng-results>
