<?xml version="1.0" encoding="UTF-8"?>
<!-- Generated by org.testng.reporters.JUnitXMLReporter -->
<testsuite ignored="4" hostname="LAPTOP-BFM6S3H0" failures="0" tests="0" name="TestRunner2" time="54.899" errors="0" timestamp="2021-05-04T12:02:41 IST">
  <testcase classname="Com.crm.vtiger.GenericUtils.Baseclass" name="@BeforeTest configBT" time="0.0">
    <ignored/>
  </testcase> <!-- @BeforeTest configBT -->
  <testcase classname="Com.crm.vtiger.GenericUtils.Baseclass" name="@AfterSuite configAS" time="0.0">
    <ignored/>
  </testcase> <!-- @AfterSuite configAS -->
  <testcase classname="Com.crm.vtiger.GenericUtils.Baseclass" name="@AfterTest configAT" time="0.0">
    <ignored/>
  </testcase> <!-- @AfterTest configAT -->
  <testcase classname="Com.crm.vtiger.GenericUtils.Baseclass" name="@BeforeSuite configBS" time="0.0">
    <ignored/>
  </testcase> <!-- @BeforeSuite configBS -->
</testsuite> <!-- TestRunner2 -->
